The system is: Linux - 5.11.0-44-generic - x86_64
Compiling the C compiler identification source file "CMakeCCompilerId.c" succeeded.
Compiler: /usr/bin/clang-10 
Build flags: 
Id flags:  

The output was:
0


Compilation of the C compiler identification source "CMakeCCompilerId.c" produced "a.out"

The C compiler identification is Clang, found in "/home/valentin/Bureau/GitHub/CleanCode/build/CMakeFiles/3.23.1/CompilerIdC/a.out"

Compiling the CXX compiler identification source file "CMakeCXXCompilerId.cpp" succeeded.
Compiler: /usr/bin/clang++-10 
Build flags: 
Id flags:  

The output was:
0


Compilation of the CXX compiler identification source "CMakeCXXCompilerId.cpp" produced "a.out"

The CXX compiler identification is Clang, found in "/home/valentin/Bureau/GitHub/CleanCode/build/CMakeFiles/3.23.1/CompilerIdCXX/a.out"

Detecting C compiler ABI info compiled with the following output:
Change Dir: /home/valentin/Bureau/GitHub/CleanCode/build/CMakeFiles/CMakeTmp

Run Build Command(s):/usr/bin/make -f Makefile cmTC_f8c60/fast && /usr/bin/make  -f CMakeFiles/cmTC_f8c60.dir/build.make CMakeFiles/cmTC_f8c60.dir/build
make[1]: Entering directory '/home/valentin/Bureau/GitHub/CleanCode/build/CMakeFiles/CMakeTmp'
Building C object CMakeFiles/cmTC_f8c60.dir/CMakeCCompilerABI.c.o
/usr/bin/clang-10   -v -MD -MT CMakeFiles/cmTC_f8c60.dir/CMakeCCompilerABI.c.o -MF CMakeFiles/cmTC_f8c60.dir/CMakeCCompilerABI.c.o.d -o CMakeFiles/cmTC_f8c60.dir/CMakeCCompilerABI.c.o -c /opt/cmake-3.23.1-linux-x86_64/share/cmake-3.23/Modules/CMakeCCompilerABI.c
clang version 10.0.0-4ubuntu1 
Target: x86_64-pc-linux-gnu
Thread model: posix
InstalledDir: /usr/bin
Found candidate GCC installation: /usr/bin/../lib/gcc/x86_64-linux-gnu/8
Found candidate GCC installation: /usr/bin/../lib/gcc/x86_64-linux-gnu/9
Found candidate GCC installation: /usr/lib/gcc/x86_64-linux-gnu/8
Found candidate GCC installation: /usr/lib/gcc/x86_64-linux-gnu/9
Selected GCC installation: /usr/bin/../lib/gcc/x86_64-linux-gnu/9
Candidate multilib: .;@m64
Selected multilib: .;@m64
 (in-process)
 "/usr/lib/llvm-10/bin/clang" -cc1 -triple x86_64-pc-linux-gnu -emit-obj -mrelax-all -disable-free -disable-llvm-verifier -discard-value-names -main-file-name CMakeCCompilerABI.c -mrelocation-model static -mthread-model posix -mframe-pointer=all -fmath-errno -fno-rounding-math -masm-verbose -mconstructor-aliases -munwind-tables -target-cpu x86-64 -dwarf-column-info -fno-split-dwarf-inlining -debugger-tuning=gdb -v -resource-dir /usr/lib/llvm-10/lib/clang/10.0.0 -dependency-file CMakeFiles/cmTC_f8c60.dir/CMakeCCompilerABI.c.o.d -MT CMakeFiles/cmTC_f8c60.dir/CMakeCCompilerABI.c.o -sys-header-deps -internal-isystem /usr/local/include -internal-isystem /usr/lib/llvm-10/lib/clang/10.0.0/include -internal-externc-isystem /usr/include/x86_64-linux-gnu -internal-externc-isystem /include -internal-externc-isystem /usr/include -fdebug-compilation-dir /home/valentin/Bureau/GitHub/CleanCode/build/CMakeFiles/CMakeTmp -ferror-limit 19 -fmessage-length 0 -fgnuc-version=4.2.1 -fobjc-runtime=gcc -fdiagnostics-show-option -faddrsig -o CMakeFiles/cmTC_f8c60.dir/CMakeCCompilerABI.c.o -x c /opt/cmake-3.23.1-linux-x86_64/share/cmake-3.23/Modules/CMakeCCompilerABI.c
clang -cc1 version 10.0.0 based upon LLVM 10.0.0 default target x86_64-pc-linux-gnu
ignoring nonexistent directory "/include"
#include "..." search starts here:
#include <...> search starts here:
 /usr/local/include
 /usr/lib/llvm-10/lib/clang/10.0.0/include
 /usr/include/x86_64-linux-gnu
 /usr/include
End of search list.
Linking C executable cmTC_f8c60
/opt/cmake-3.23.1-linux-x86_64/bin/cmake -E cmake_link_script CMakeFiles/cmTC_f8c60.dir/link.txt --verbose=1
/usr/bin/clang-10  -v CMakeFiles/cmTC_f8c60.dir/CMakeCCompilerABI.c.o -o cmTC_f8c60 
clang version 10.0.0-4ubuntu1 
Target: x86_64-pc-linux-gnu
Thread model: posix
InstalledDir: /usr/bin
Found candidate GCC installation: /usr/bin/../lib/gcc/x86_64-linux-gnu/8
Found candidate GCC installation: /usr/bin/../lib/gcc/x86_64-linux-gnu/9
Found candidate GCC installation: /usr/lib/gcc/x86_64-linux-gnu/8
Found candidate GCC installation: /usr/lib/gcc/x86_64-linux-gnu/9
Selected GCC installation: /usr/bin/../lib/gcc/x86_64-linux-gnu/9
Candidate multilib: .;@m64
Selected multilib: .;@m64
 "/usr/bin/ld" -z relro --hash-style=gnu --build-id --eh-frame-hdr -m elf_x86_64 -dynamic-linker /lib64/ld-linux-x86-64.so.2 -o cmTC_f8c60 /usr/bin/../lib/gcc/x86_64-linux-gnu/9/../../../x86_64-linux-gnu/crt1.o /usr/bin/../lib/gcc/x86_64-linux-gnu/9/../../../x86_64-linux-gnu/crti.o /usr/bin/../lib/gcc/x86_64-linux-gnu/9/crtbegin.o -L/usr/bin/../lib/gcc/x86_64-linux-gnu/9 -L/usr/bin/../lib/gcc/x86_64-linux-gnu/9/../../../x86_64-linux-gnu -L/usr/bin/../lib/gcc/x86_64-linux-gnu/9/../../../../lib64 -L/lib/x86_64-linux-gnu -L/lib/../lib64 -L/usr/lib/x86_64-linux-gnu -L/usr/lib/../lib64 -L/usr/lib/x86_64-linux-gnu/../../lib64 -L/usr/bin/../lib/gcc/x86_64-linux-gnu/9/../../.. -L/usr/lib/llvm-10/bin/../lib -L/lib -L/usr/lib CMakeFiles/cmTC_f8c60.dir/CMakeCCompilerABI.c.o -lgcc --as-needed -lgcc_s --no-as-needed -lc -lgcc --as-needed -lgcc_s --no-as-needed /usr/bin/../lib/gcc/x86_64-linux-gnu/9/crtend.o /usr/bin/../lib/gcc/x86_64-linux-gnu/9/../../../x86_64-linux-gnu/crtn.o
make[1]: Leaving directory '/home/valentin/Bureau/GitHub/CleanCode/build/CMakeFiles/CMakeTmp'



Parsed C implicit include dir info from above output: rv=done
  found start of include info
  found start of implicit include info
    add: [/usr/local/include]
    add: [/usr/lib/llvm-10/lib/clang/10.0.0/include]
    add: [/usr/include/x86_64-linux-gnu]
    add: [/usr/include]
  end of search list found
  collapse include dir [/usr/local/include] ==> [/usr/local/include]
  collapse include dir [/usr/lib/llvm-10/lib/clang/10.0.0/include] ==> [/usr/lib/llvm-10/lib/clang/10.0.0/include]
  collapse include dir [/usr/include/x86_64-linux-gnu] ==> [/usr/include/x86_64-linux-gnu]
  collapse include dir [/usr/include] ==> [/usr/include]
  implicit include dirs: [/usr/local/include;/usr/lib/llvm-10/lib/clang/10.0.0/include;/usr/include/x86_64-linux-gnu;/usr/include]


Parsed C implicit link information from above output:
  link line regex: [^( *|.*[/\])(ld|CMAKE_LINK_STARTFILE-NOTFOUND|([^/\]+-)?ld|collect2)[^/\]*( |$)]
  ignore line: [Change Dir: /home/valentin/Bureau/GitHub/CleanCode/build/CMakeFiles/CMakeTmp]
  ignore line: []
  ignore line: [Run Build Command(s):/usr/bin/make -f Makefile cmTC_f8c60/fast && /usr/bin/make  -f CMakeFiles/cmTC_f8c60.dir/build.make CMakeFiles/cmTC_f8c60.dir/build]
  ignore line: [make[1]: Entering directory '/home/valentin/Bureau/GitHub/CleanCode/build/CMakeFiles/CMakeTmp']
  ignore line: [Building C object CMakeFiles/cmTC_f8c60.dir/CMakeCCompilerABI.c.o]
  ignore line: [/usr/bin/clang-10   -v -MD -MT CMakeFiles/cmTC_f8c60.dir/CMakeCCompilerABI.c.o -MF CMakeFiles/cmTC_f8c60.dir/CMakeCCompilerABI.c.o.d -o CMakeFiles/cmTC_f8c60.dir/CMakeCCompilerABI.c.o -c /opt/cmake-3.23.1-linux-x86_64/share/cmake-3.23/Modules/CMakeCCompilerABI.c]
  ignore line: [clang version 10.0.0-4ubuntu1 ]
  ignore line: [Target: x86_64-pc-linux-gnu]
  ignore line: [Thread model: posix]
  ignore line: [InstalledDir: /usr/bin]
  ignore line: [Found candidate GCC installation: /usr/bin/../lib/gcc/x86_64-linux-gnu/8]
  ignore line: [Found candidate GCC installation: /usr/bin/../lib/gcc/x86_64-linux-gnu/9]
  ignore line: [Found candidate GCC installation: /usr/lib/gcc/x86_64-linux-gnu/8]
  ignore line: [Found candidate GCC installation: /usr/lib/gcc/x86_64-linux-gnu/9]
  ignore line: [Selected GCC installation: /usr/bin/../lib/gcc/x86_64-linux-gnu/9]
  ignore line: [Candidate multilib: .]
  ignore line: [@m64]
  ignore line: [Selected multilib: .]
  ignore line: [@m64]
  ignore line: [ (in-process)]
  ignore line: [ "/usr/lib/llvm-10/bin/clang" -cc1 -triple x86_64-pc-linux-gnu -emit-obj -mrelax-all -disable-free -disable-llvm-verifier -discard-value-names -main-file-name CMakeCCompilerABI.c -mrelocation-model static -mthread-model posix -mframe-pointer=all -fmath-errno -fno-rounding-math -masm-verbose -mconstructor-aliases -munwind-tables -target-cpu x86-64 -dwarf-column-info -fno-split-dwarf-inlining -debugger-tuning=gdb -v -resource-dir /usr/lib/llvm-10/lib/clang/10.0.0 -dependency-file CMakeFiles/cmTC_f8c60.dir/CMakeCCompilerABI.c.o.d -MT CMakeFiles/cmTC_f8c60.dir/CMakeCCompilerABI.c.o -sys-header-deps -internal-isystem /usr/local/include -internal-isystem /usr/lib/llvm-10/lib/clang/10.0.0/include -internal-externc-isystem /usr/include/x86_64-linux-gnu -internal-externc-isystem /include -internal-externc-isystem /usr/include -fdebug-compilation-dir /home/valentin/Bureau/GitHub/CleanCode/build/CMakeFiles/CMakeTmp -ferror-limit 19 -fmessage-length 0 -fgnuc-version=4.2.1 -fobjc-runtime=gcc -fdiagnostics-show-option -faddrsig -o CMakeFiles/cmTC_f8c60.dir/CMakeCCompilerABI.c.o -x c /opt/cmake-3.23.1-linux-x86_64/share/cmake-3.23/Modules/CMakeCCompilerABI.c]
  ignore line: [clang -cc1 version 10.0.0 based upon LLVM 10.0.0 default target x86_64-pc-linux-gnu]
  ignore line: [ignoring nonexistent directory "/include"]
  ignore line: [#include "..." search starts here:]
  ignore line: [#include <...> search starts here:]
  ignore line: [ /usr/local/include]
  ignore line: [ /usr/lib/llvm-10/lib/clang/10.0.0/include]
  ignore line: [ /usr/include/x86_64-linux-gnu]
  ignore line: [ /usr/include]
  ignore line: [End of search list.]
  ignore line: [Linking C executable cmTC_f8c60]
  ignore line: [/opt/cmake-3.23.1-linux-x86_64/bin/cmake -E cmake_link_script CMakeFiles/cmTC_f8c60.dir/link.txt --verbose=1]
  ignore line: [/usr/bin/clang-10  -v CMakeFiles/cmTC_f8c60.dir/CMakeCCompilerABI.c.o -o cmTC_f8c60 ]
  ignore line: [clang version 10.0.0-4ubuntu1 ]
  ignore line: [Target: x86_64-pc-linux-gnu]
  ignore line: [Thread model: posix]
  ignore line: [InstalledDir: /usr/bin]
  ignore line: [Found candidate GCC installation: /usr/bin/../lib/gcc/x86_64-linux-gnu/8]
  ignore line: [Found candidate GCC installation: /usr/bin/../lib/gcc/x86_64-linux-gnu/9]
  ignore line: [Found candidate GCC installation: /usr/lib/gcc/x86_64-linux-gnu/8]
  ignore line: [Found candidate GCC installation: /usr/lib/gcc/x86_64-linux-gnu/9]
  ignore line: [Selected GCC installation: /usr/bin/../lib/gcc/x86_64-linux-gnu/9]
  ignore line: [Candidate multilib: .]
  ignore line: [@m64]
  ignore line: [Selected multilib: .]
  ignore line: [@m64]
  link line: [ "/usr/bin/ld" -z relro --hash-style=gnu --build-id --eh-frame-hdr -m elf_x86_64 -dynamic-linker /lib64/ld-linux-x86-64.so.2 -o cmTC_f8c60 /usr/bin/../lib/gcc/x86_64-linux-gnu/9/../../../x86_64-linux-gnu/crt1.o /usr/bin/../lib/gcc/x86_64-linux-gnu/9/../../../x86_64-linux-gnu/crti.o /usr/bin/../lib/gcc/x86_64-linux-gnu/9/crtbegin.o -L/usr/bin/../lib/gcc/x86_64-linux-gnu/9 -L/usr/bin/../lib/gcc/x86_64-linux-gnu/9/../../../x86_64-linux-gnu -L/usr/bin/../lib/gcc/x86_64-linux-gnu/9/../../../../lib64 -L/lib/x86_64-linux-gnu -L/lib/../lib64 -L/usr/lib/x86_64-linux-gnu -L/usr/lib/../lib64 -L/usr/lib/x86_64-linux-gnu/../../lib64 -L/usr/bin/../lib/gcc/x86_64-linux-gnu/9/../../.. -L/usr/lib/llvm-10/bin/../lib -L/lib -L/usr/lib CMakeFiles/cmTC_f8c60.dir/CMakeCCompilerABI.c.o -lgcc --as-needed -lgcc_s --no-as-needed -lc -lgcc --as-needed -lgcc_s --no-as-needed /usr/bin/../lib/gcc/x86_64-linux-gnu/9/crtend.o /usr/bin/../lib/gcc/x86_64-linux-gnu/9/../../../x86_64-linux-gnu/crtn.o]
    arg [/usr/bin/ld] ==> ignore
    arg [-zrelro] ==> ignore
    arg [--hash-style=gnu] ==> ignore
    arg [--build-id] ==> ignore
    arg [--eh-frame-hdr] ==> ignore
    arg [-m] ==> ignore
    arg [elf_x86_64] ==> ignore
    arg [-dynamic-linker] ==> ignore
    arg [/lib64/ld-linux-x86-64.so.2] ==> ignore
    arg [-o] ==> ignore
    arg [cmTC_f8c60] ==> ignore
    arg [/usr/bin/../lib/gcc/x86_64-linux-gnu/9/../../../x86_64-linux-gnu/crt1.o] ==> obj [/usr/bin/../lib/gcc/x86_64-linux-gnu/9/../../../x86_64-linux-gnu/crt1.o]
    arg [/usr/bin/../lib/gcc/x86_64-linux-gnu/9/../../../x86_64-linux-gnu/crti.o] ==> obj [/usr/bin/../lib/gcc/x86_64-linux-gnu/9/../../../x86_64-linux-gnu/crti.o]
    arg [/usr/bin/../lib/gcc/x86_64-linux-gnu/9/crtbegin.o] ==> obj [/usr/bin/../lib/gcc/x86_64-linux-gnu/9/crtbegin.o]
    arg [-L/usr/bin/../lib/gcc/x86_64-linux-gnu/9] ==> dir [/usr/bin/../lib/gcc/x86_64-linux-gnu/9]
    arg [-L/usr/bin/../lib/gcc/x86_64-linux-gnu/9/../../../x86_64-linux-gnu] ==> dir [/usr/bin/../lib/gcc/x86_64-linux-gnu/9/../../../x86_64-linux-gnu]
    arg [-L/usr/bin/../lib/gcc/x86_64-linux-gnu/9/../../../../lib64] ==> dir [/usr/bin/../lib/gcc/x86_64-linux-gnu/9/../../../../lib64]
    arg [-L/lib/x86_64-linux-gnu] ==> dir [/lib/x86_64-linux-gnu]
    arg [-L/lib/../lib64] ==> dir [/lib/../lib64]
    arg [-L/usr/lib/x86_64-linux-gnu] ==> dir [/usr/lib/x86_64-linux-gnu]
    arg [-L/usr/lib/../lib64] ==> dir [/usr/lib/../lib64]
    arg [-L/usr/lib/x86_64-linux-gnu/../../lib64] ==> dir [/usr/lib/x86_64-linux-gnu/../../lib64]
    arg [-L/usr/bin/../lib/gcc/x86_64-linux-gnu/9/../../..] ==> dir [/usr/bin/../lib/gcc/x86_64-linux-gnu/9/../../..]
    arg [-L/usr/lib/llvm-10/bin/../lib] ==> dir [/usr/lib/llvm-10/bin/../lib]
    arg [-L/lib] ==> dir [/lib]
    arg [-L/usr/lib] ==> dir [/usr/lib]
    arg [CMakeFiles/cmTC_f8c60.dir/CMakeCCompilerABI.c.o] ==> ignore
    arg [-lgcc] ==> lib [gcc]
    arg [--as-needed] ==> ignore
    arg [-lgcc_s] ==> lib [gcc_s]
    arg [--no-as-needed] ==> ignore
    arg [-lc] ==> lib [c]
    arg [-lgcc] ==> lib [gcc]
    arg [--as-needed] ==> ignore
    arg [-lgcc_s] ==> lib [gcc_s]
    arg [--no-as-needed] ==> ignore
    arg [/usr/bin/../lib/gcc/x86_64-linux-gnu/9/crtend.o] ==> obj [/usr/bin/../lib/gcc/x86_64-linux-gnu/9/crtend.o]
    arg [/usr/bin/../lib/gcc/x86_64-linux-gnu/9/../../../x86_64-linux-gnu/crtn.o] ==> obj [/usr/bin/../lib/gcc/x86_64-linux-gnu/9/../../../x86_64-linux-gnu/crtn.o]
  collapse obj [/usr/bin/../lib/gcc/x86_64-linux-gnu/9/../../../x86_64-linux-gnu/crt1.o] ==> [/usr/lib/x86_64-linux-gnu/crt1.o]
  collapse obj [/usr/bin/../lib/gcc/x86_64-linux-gnu/9/../../../x86_64-linux-gnu/crti.o] ==> [/usr/lib/x86_64-linux-gnu/crti.o]
  collapse obj [/usr/bin/../lib/gcc/x86_64-linux-gnu/9/crtbegin.o] ==> [/usr/lib/gcc/x86_64-linux-gnu/9/crtbegin.o]
  collapse obj [/usr/bin/../lib/gcc/x86_64-linux-gnu/9/crtend.o] ==> [/usr/lib/gcc/x86_64-linux-gnu/9/crtend.o]
  collapse obj [/usr/bin/../lib/gcc/x86_64-linux-gnu/9/../../../x86_64-linux-gnu/crtn.o] ==> [/usr/lib/x86_64-linux-gnu/crtn.o]
  collapse library dir [/usr/bin/../lib/gcc/x86_64-linux-gnu/9] ==> [/usr/lib/gcc/x86_64-linux-gnu/9]
  collapse library dir [/usr/bin/../lib/gcc/x86_64-linux-gnu/9/../../../x86_64-linux-gnu] ==> [/usr/lib/x86_64-linux-gnu]
  collapse library dir [/usr/bin/../lib/gcc/x86_64-linux-gnu/9/../../../../lib64] ==> [/usr/lib64]
  collapse library dir [/lib/x86_64-linux-gnu] ==> [/lib/x86_64-linux-gnu]
  collapse library dir [/lib/../lib64] ==> [/lib64]
  collapse library dir [/usr/lib/x86_64-linux-gnu] ==> [/usr/lib/x86_64-linux-gnu]
  collapse library dir [/usr/lib/../lib64] ==> [/usr/lib64]
  collapse library dir [/usr/lib/x86_64-linux-gnu/../../lib64] ==> [/usr/lib64]
  collapse library dir [/usr/bin/../lib/gcc/x86_64-linux-gnu/9/../../..] ==> [/usr/lib]
  collapse library dir [/usr/lib/llvm-10/bin/../lib] ==> [/usr/lib/llvm-10/lib]
  collapse library dir [/lib] ==> [/lib]
  collapse library dir [/usr/lib] ==> [/usr/lib]
  implicit libs: [gcc;gcc_s;c;gcc;gcc_s]
  implicit objs: [/usr/lib/x86_64-linux-gnu/crt1.o;/usr/lib/x86_64-linux-gnu/crti.o;/usr/lib/gcc/x86_64-linux-gnu/9/crtbegin.o;/usr/lib/gcc/x86_64-linux-gnu/9/crtend.o;/usr/lib/x86_64-linux-gnu/crtn.o]
  implicit dirs: [/usr/lib/gcc/x86_64-linux-gnu/9;/usr/lib/x86_64-linux-gnu;/usr/lib64;/lib/x86_64-linux-gnu;/lib64;/usr/lib;/usr/lib/llvm-10/lib;/lib]
  implicit fwks: []


Detecting CXX compiler ABI info compiled with the following output:
Change Dir: /home/valentin/Bureau/GitHub/CleanCode/build/CMakeFiles/CMakeTmp

Run Build Command(s):/usr/bin/make -f Makefile cmTC_ceebf/fast && /usr/bin/make  -f CMakeFiles/cmTC_ceebf.dir/build.make CMakeFiles/cmTC_ceebf.dir/build
make[1]: Entering directory '/home/valentin/Bureau/GitHub/CleanCode/build/CMakeFiles/CMakeTmp'
Building CXX object CMakeFiles/cmTC_ceebf.dir/CMakeCXXCompilerABI.cpp.o
/usr/bin/clang++-10   -v -MD -MT CMakeFiles/cmTC_ceebf.dir/CMakeCXXCompilerABI.cpp.o -MF CMakeFiles/cmTC_ceebf.dir/CMakeCXXCompilerABI.cpp.o.d -o CMakeFiles/cmTC_ceebf.dir/CMakeCXXCompilerABI.cpp.o -c /opt/cmake-3.23.1-linux-x86_64/share/cmake-3.23/Modules/CMakeCXXCompilerABI.cpp
clang version 10.0.0-4ubuntu1 
Target: x86_64-pc-linux-gnu
Thread model: posix
InstalledDir: /usr/bin
Found candidate GCC installation: /usr/bin/../lib/gcc/x86_64-linux-gnu/8
Found candidate GCC installation: /usr/bin/../lib/gcc/x86_64-linux-gnu/9
Found candidate GCC installation: /usr/lib/gcc/x86_64-linux-gnu/8
Found candidate GCC installation: /usr/lib/gcc/x86_64-linux-gnu/9
Selected GCC installation: /usr/bin/../lib/gcc/x86_64-linux-gnu/9
Candidate multilib: .;@m64
Selected multilib: .;@m64
 (in-process)
 "/usr/lib/llvm-10/bin/clang" -cc1 -triple x86_64-pc-linux-gnu -emit-obj -mrelax-all -disable-free -disable-llvm-verifier -discard-value-names -main-file-name CMakeCXXCompilerABI.cpp -mrelocation-model static -mthread-model posix -mframe-pointer=all -fmath-errno -fno-rounding-math -masm-verbose -mconstructor-aliases -munwind-tables -target-cpu x86-64 -dwarf-column-info -fno-split-dwarf-inlining -debugger-tuning=gdb -v -resource-dir /usr/lib/llvm-10/lib/clang/10.0.0 -dependency-file CMakeFiles/cmTC_ceebf.dir/CMakeCXXCompilerABI.cpp.o.d -MT CMakeFiles/cmTC_ceebf.dir/CMakeCXXCompilerABI.cpp.o -sys-header-deps -internal-isystem /usr/bin/../lib/gcc/x86_64-linux-gnu/9/../../../../include/c++/9 -internal-isystem /usr/bin/../lib/gcc/x86_64-linux-gnu/9/../../../../include/x86_64-linux-gnu/c++/9 -internal-isystem /usr/bin/../lib/gcc/x86_64-linux-gnu/9/../../../../include/x86_64-linux-gnu/c++/9 -internal-isystem /usr/bin/../lib/gcc/x86_64-linux-gnu/9/../../../../include/c++/9/backward -internal-isystem /usr/local/include -internal-isystem /usr/lib/llvm-10/lib/clang/10.0.0/include -internal-externc-isystem /usr/include/x86_64-linux-gnu -internal-externc-isystem /include -internal-externc-isystem /usr/include -fdeprecated-macro -fdebug-compilation-dir /home/valentin/Bureau/GitHub/CleanCode/build/CMakeFiles/CMakeTmp -ferror-limit 19 -fmessage-length 0 -fgnuc-version=4.2.1 -fobjc-runtime=gcc -fcxx-exceptions -fexceptions -fdiagnostics-show-option -faddrsig -o CMakeFiles/cmTC_ceebf.dir/CMakeCXXCompilerABI.cpp.o -x c++ /opt/cmake-3.23.1-linux-x86_64/share/cmake-3.23/Modules/CMakeCXXCompilerABI.cpp
clang -cc1 version 10.0.0 based upon LLVM 10.0.0 default target x86_64-pc-linux-gnu
ignoring nonexistent directory "/include"
ignoring duplicate directory "/usr/bin/../lib/gcc/x86_64-linux-gnu/9/../../../../include/x86_64-linux-gnu/c++/9"
#include "..." search starts here:
#include <...> search starts here:
 /usr/bin/../lib/gcc/x86_64-linux-gnu/9/../../../../include/c++/9
 /usr/bin/../lib/gcc/x86_64-linux-gnu/9/../../../../include/x86_64-linux-gnu/c++/9
 /usr/bin/../lib/gcc/x86_64-linux-gnu/9/../../../../include/c++/9/backward
 /usr/local/include
 /usr/lib/llvm-10/lib/clang/10.0.0/include
 /usr/include/x86_64-linux-gnu
 /usr/include
End of search list.
Linking CXX executable cmTC_ceebf
/opt/cmake-3.23.1-linux-x86_64/bin/cmake -E cmake_link_script CMakeFiles/cmTC_ceebf.dir/link.txt --verbose=1
/usr/bin/clang++-10  -v CMakeFiles/cmTC_ceebf.dir/CMakeCXXCompilerABI.cpp.o -o cmTC_ceebf 
clang version 10.0.0-4ubuntu1 
Target: x86_64-pc-linux-gnu
Thread model: posix
InstalledDir: /usr/bin
Found candidate GCC installation: /usr/bin/../lib/gcc/x86_64-linux-gnu/8
Found candidate GCC installation: /usr/bin/../lib/gcc/x86_64-linux-gnu/9
Found candidate GCC installation: /usr/lib/gcc/x86_64-linux-gnu/8
Found candidate GCC installation: /usr/lib/gcc/x86_64-linux-gnu/9
Selected GCC installation: /usr/bin/../lib/gcc/x86_64-linux-gnu/9
Candidate multilib: .;@m64
Selected multilib: .;@m64
 "/usr/bin/ld" -z relro --hash-style=gnu --build-id --eh-frame-hdr -m elf_x86_64 -dynamic-linker /lib64/ld-linux-x86-64.so.2 -o cmTC_ceebf /usr/bin/../lib/gcc/x86_64-linux-gnu/9/../../../x86_64-linux-gnu/crt1.o /usr/bin/../lib/gcc/x86_64-linux-gnu/9/../../../x86_64-linux-gnu/crti.o /usr/bin/../lib/gcc/x86_64-linux-gnu/9/crtbegin.o -L/usr/bin/../lib/gcc/x86_64-linux-gnu/9 -L/usr/bin/../lib/gcc/x86_64-linux-gnu/9/../../../x86_64-linux-gnu -L/usr/bin/../lib/gcc/x86_64-linux-gnu/9/../../../../lib64 -L/lib/x86_64-linux-gnu -L/lib/../lib64 -L/usr/lib/x86_64-linux-gnu -L/usr/lib/../lib64 -L/usr/lib/x86_64-linux-gnu/../../lib64 -L/usr/bin/../lib/gcc/x86_64-linux-gnu/9/../../.. -L/usr/lib/llvm-10/bin/../lib -L/lib -L/usr/lib CMakeFiles/cmTC_ceebf.dir/CMakeCXXCompilerABI.cpp.o -lstdc++ -lm -lgcc_s -lgcc -lc -lgcc_s -lgcc /usr/bin/../lib/gcc/x86_64-linux-gnu/9/crtend.o /usr/bin/../lib/gcc/x86_64-linux-gnu/9/../../../x86_64-linux-gnu/crtn.o
make[1]: Leaving directory '/home/valentin/Bureau/GitHub/CleanCode/build/CMakeFiles/CMakeTmp'



Parsed CXX implicit include dir info from above output: rv=done
  found start of include info
  found start of implicit include info
    add: [/usr/bin/../lib/gcc/x86_64-linux-gnu/9/../../../../include/c++/9]
    add: [/usr/bin/../lib/gcc/x86_64-linux-gnu/9/../../../../include/x86_64-linux-gnu/c++/9]
    add: [/usr/bin/../lib/gcc/x86_64-linux-gnu/9/../../../../include/c++/9/backward]
    add: [/usr/local/include]
    add: [/usr/lib/llvm-10/lib/clang/10.0.0/include]
    add: [/usr/include/x86_64-linux-gnu]
    add: [/usr/include]
  end of search list found
  collapse include dir [/usr/bin/../lib/gcc/x86_64-linux-gnu/9/../../../../include/c++/9] ==> [/usr/include/c++/9]
  collapse include dir [/usr/bin/../lib/gcc/x86_64-linux-gnu/9/../../../../include/x86_64-linux-gnu/c++/9] ==> [/usr/include/x86_64-linux-gnu/c++/9]
  collapse include dir [/usr/bin/../lib/gcc/x86_64-linux-gnu/9/../../../../include/c++/9/backward] ==> [/usr/include/c++/9/backward]
  collapse include dir [/usr/local/include] ==> [/usr/local/include]
  collapse include dir [/usr/lib/llvm-10/lib/clang/10.0.0/include] ==> [/usr/lib/llvm-10/lib/clang/10.0.0/include]
  collapse include dir [/usr/include/x86_64-linux-gnu] ==> [/usr/include/x86_64-linux-gnu]
  collapse include dir [/usr/include] ==> [/usr/include]
  implicit include dirs: [/usr/include/c++/9;/usr/include/x86_64-linux-gnu/c++/9;/usr/include/c++/9/backward;/usr/local/include;/usr/lib/llvm-10/lib/clang/10.0.0/include;/usr/include/x86_64-linux-gnu;/usr/include]


Parsed CXX implicit link information from above output:
  link line regex: [^( *|.*[/\])(ld|CMAKE_LINK_STARTFILE-NOTFOUND|([^/\]+-)?ld|collect2)[^/\]*( |$)]
  ignore line: [Change Dir: /home/valentin/Bureau/GitHub/CleanCode/build/CMakeFiles/CMakeTmp]
  ignore line: []
  ignore line: [Run Build Command(s):/usr/bin/make -f Makefile cmTC_ceebf/fast && /usr/bin/make  -f CMakeFiles/cmTC_ceebf.dir/build.make CMakeFiles/cmTC_ceebf.dir/build]
  ignore line: [make[1]: Entering directory '/home/valentin/Bureau/GitHub/CleanCode/build/CMakeFiles/CMakeTmp']
  ignore line: [Building CXX object CMakeFiles/cmTC_ceebf.dir/CMakeCXXCompilerABI.cpp.o]
  ignore line: [/usr/bin/clang++-10   -v -MD -MT CMakeFiles/cmTC_ceebf.dir/CMakeCXXCompilerABI.cpp.o -MF CMakeFiles/cmTC_ceebf.dir/CMakeCXXCompilerABI.cpp.o.d -o CMakeFiles/cmTC_ceebf.dir/CMakeCXXCompilerABI.cpp.o -c /opt/cmake-3.23.1-linux-x86_64/share/cmake-3.23/Modules/CMakeCXXCompilerABI.cpp]
  ignore line: [clang version 10.0.0-4ubuntu1 ]
  ignore line: [Target: x86_64-pc-linux-gnu]
  ignore line: [Thread model: posix]
  ignore line: [InstalledDir: /usr/bin]
  ignore line: [Found candidate GCC installation: /usr/bin/../lib/gcc/x86_64-linux-gnu/8]
  ignore line: [Found candidate GCC installation: /usr/bin/../lib/gcc/x86_64-linux-gnu/9]
  ignore line: [Found candidate GCC installation: /usr/lib/gcc/x86_64-linux-gnu/8]
  ignore line: [Found candidate GCC installation: /usr/lib/gcc/x86_64-linux-gnu/9]
  ignore line: [Selected GCC installation: /usr/bin/../lib/gcc/x86_64-linux-gnu/9]
  ignore line: [Candidate multilib: .]
  ignore line: [@m64]
  ignore line: [Selected multilib: .]
  ignore line: [@m64]
  ignore line: [ (in-process)]
  ignore line: [ "/usr/lib/llvm-10/bin/clang" -cc1 -triple x86_64-pc-linux-gnu -emit-obj -mrelax-all -disable-free -disable-llvm-verifier -discard-value-names -main-file-name CMakeCXXCompilerABI.cpp -mrelocation-model static -mthread-model posix -mframe-pointer=all -fmath-errno -fno-rounding-math -masm-verbose -mconstructor-aliases -munwind-tables -target-cpu x86-64 -dwarf-column-info -fno-split-dwarf-inlining -debugger-tuning=gdb -v -resource-dir /usr/lib/llvm-10/lib/clang/10.0.0 -dependency-file CMakeFiles/cmTC_ceebf.dir/CMakeCXXCompilerABI.cpp.o.d -MT CMakeFiles/cmTC_ceebf.dir/CMakeCXXCompilerABI.cpp.o -sys-header-deps -internal-isystem /usr/bin/../lib/gcc/x86_64-linux-gnu/9/../../../../include/c++/9 -internal-isystem /usr/bin/../lib/gcc/x86_64-linux-gnu/9/../../../../include/x86_64-linux-gnu/c++/9 -internal-isystem /usr/bin/../lib/gcc/x86_64-linux-gnu/9/../../../../include/x86_64-linux-gnu/c++/9 -internal-isystem /usr/bin/../lib/gcc/x86_64-linux-gnu/9/../../../../include/c++/9/backward -internal-isystem /usr/local/include -internal-isystem /usr/lib/llvm-10/lib/clang/10.0.0/include -internal-externc-isystem /usr/include/x86_64-linux-gnu -internal-externc-isystem /include -internal-externc-isystem /usr/include -fdeprecated-macro -fdebug-compilation-dir /home/valentin/Bureau/GitHub/CleanCode/build/CMakeFiles/CMakeTmp -ferror-limit 19 -fmessage-length 0 -fgnuc-version=4.2.1 -fobjc-runtime=gcc -fcxx-exceptions -fexceptions -fdiagnostics-show-option -faddrsig -o CMakeFiles/cmTC_ceebf.dir/CMakeCXXCompilerABI.cpp.o -x c++ /opt/cmake-3.23.1-linux-x86_64/share/cmake-3.23/Modules/CMakeCXXCompilerABI.cpp]
  ignore line: [clang -cc1 version 10.0.0 based upon LLVM 10.0.0 default target x86_64-pc-linux-gnu]
  ignore line: [ignoring nonexistent directory "/include"]
  ignore line: [ignoring duplicate directory "/usr/bin/../lib/gcc/x86_64-linux-gnu/9/../../../../include/x86_64-linux-gnu/c++/9"]
  ignore line: [#include "..." search starts here:]
  ignore line: [#include <...> search starts here:]
  ignore line: [ /usr/bin/../lib/gcc/x86_64-linux-gnu/9/../../../../include/c++/9]
  ignore line: [ /usr/bin/../lib/gcc/x86_64-linux-gnu/9/../../../../include/x86_64-linux-gnu/c++/9]
  ignore line: [ /usr/bin/../lib/gcc/x86_64-linux-gnu/9/../../../../include/c++/9/backward]
  ignore line: [ /usr/local/include]
  ignore line: [ /usr/lib/llvm-10/lib/clang/10.0.0/include]
  ignore line: [ /usr/include/x86_64-linux-gnu]
  ignore line: [ /usr/include]
  ignore line: [End of search list.]
  ignore line: [Linking CXX executable cmTC_ceebf]
  ignore line: [/opt/cmake-3.23.1-linux-x86_64/bin/cmake -E cmake_link_script CMakeFiles/cmTC_ceebf.dir/link.txt --verbose=1]
  ignore line: [/usr/bin/clang++-10  -v CMakeFiles/cmTC_ceebf.dir/CMakeCXXCompilerABI.cpp.o -o cmTC_ceebf ]
  ignore line: [clang version 10.0.0-4ubuntu1 ]
  ignore line: [Target: x86_64-pc-linux-gnu]
  ignore line: [Thread model: posix]
  ignore line: [InstalledDir: /usr/bin]
  ignore line: [Found candidate GCC installation: /usr/bin/../lib/gcc/x86_64-linux-gnu/8]
  ignore line: [Found candidate GCC installation: /usr/bin/../lib/gcc/x86_64-linux-gnu/9]
  ignore line: [Found candidate GCC installation: /usr/lib/gcc/x86_64-linux-gnu/8]
  ignore line: [Found candidate GCC installation: /usr/lib/gcc/x86_64-linux-gnu/9]
  ignore line: [Selected GCC installation: /usr/bin/../lib/gcc/x86_64-linux-gnu/9]
  ignore line: [Candidate multilib: .]
  ignore line: [@m64]
  ignore line: [Selected multilib: .]
  ignore line: [@m64]
  link line: [ "/usr/bin/ld" -z relro --hash-style=gnu --build-id --eh-frame-hdr -m elf_x86_64 -dynamic-linker /lib64/ld-linux-x86-64.so.2 -o cmTC_ceebf /usr/bin/../lib/gcc/x86_64-linux-gnu/9/../../../x86_64-linux-gnu/crt1.o /usr/bin/../lib/gcc/x86_64-linux-gnu/9/../../../x86_64-linux-gnu/crti.o /usr/bin/../lib/gcc/x86_64-linux-gnu/9/crtbegin.o -L/usr/bin/../lib/gcc/x86_64-linux-gnu/9 -L/usr/bin/../lib/gcc/x86_64-linux-gnu/9/../../../x86_64-linux-gnu -L/usr/bin/../lib/gcc/x86_64-linux-gnu/9/../../../../lib64 -L/lib/x86_64-linux-gnu -L/lib/../lib64 -L/usr/lib/x86_64-linux-gnu -L/usr/lib/../lib64 -L/usr/lib/x86_64-linux-gnu/../../lib64 -L/usr/bin/../lib/gcc/x86_64-linux-gnu/9/../../.. -L/usr/lib/llvm-10/bin/../lib -L/lib -L/usr/lib CMakeFiles/cmTC_ceebf.dir/CMakeCXXCompilerABI.cpp.o -lstdc++ -lm -lgcc_s -lgcc -lc -lgcc_s -lgcc /usr/bin/../lib/gcc/x86_64-linux-gnu/9/crtend.o /usr/bin/../lib/gcc/x86_64-linux-gnu/9/../../../x86_64-linux-gnu/crtn.o]
    arg [/usr/bin/ld] ==> ignore
    arg [-zrelro] ==> ignore
    arg [--hash-style=gnu] ==> ignore
    arg [--build-id] ==> ignore
    arg [--eh-frame-hdr] ==> ignore
    arg [-m] ==> ignore
    arg [elf_x86_64] ==> ignore
    arg [-dynamic-linker] ==> ignore
    arg [/lib64/ld-linux-x86-64.so.2] ==> ignore
    arg [-o] ==> ignore
    arg [cmTC_ceebf] ==> ignore
    arg [/usr/bin/../lib/gcc/x86_64-linux-gnu/9/../../../x86_64-linux-gnu/crt1.o] ==> obj [/usr/bin/../lib/gcc/x86_64-linux-gnu/9/../../../x86_64-linux-gnu/crt1.o]
    arg [/usr/bin/../lib/gcc/x86_64-linux-gnu/9/../../../x86_64-linux-gnu/crti.o] ==> obj [/usr/bin/../lib/gcc/x86_64-linux-gnu/9/../../../x86_64-linux-gnu/crti.o]
    arg [/usr/bin/../lib/gcc/x86_64-linux-gnu/9/crtbegin.o] ==> obj [/usr/bin/../lib/gcc/x86_64-linux-gnu/9/crtbegin.o]
    arg [-L/usr/bin/../lib/gcc/x86_64-linux-gnu/9] ==> dir [/usr/bin/../lib/gcc/x86_64-linux-gnu/9]
    arg [-L/usr/bin/../lib/gcc/x86_64-linux-gnu/9/../../../x86_64-linux-gnu] ==> dir [/usr/bin/../lib/gcc/x86_64-linux-gnu/9/../../../x86_64-linux-gnu]
    arg [-L/usr/bin/../lib/gcc/x86_64-linux-gnu/9/../../../../lib64] ==> dir [/usr/bin/../lib/gcc/x86_64-linux-gnu/9/../../../../lib64]
    arg [-L/lib/x86_64-linux-gnu] ==> dir [/lib/x86_64-linux-gnu]
    arg [-L/lib/../lib64] ==> dir [/lib/../lib64]
    arg [-L/usr/lib/x86_64-linux-gnu] ==> dir [/usr/lib/x86_64-linux-gnu]
    arg [-L/usr/lib/../lib64] ==> dir [/usr/lib/../lib64]
    arg [-L/usr/lib/x86_64-linux-gnu/../../lib64] ==> dir [/usr/lib/x86_64-linux-gnu/../../lib64]
    arg [-L/usr/bin/../lib/gcc/x86_64-linux-gnu/9/../../..] ==> dir [/usr/bin/../lib/gcc/x86_64-linux-gnu/9/../../..]
    arg [-L/usr/lib/llvm-10/bin/../lib] ==> dir [/usr/lib/llvm-10/bin/../lib]
    arg [-L/lib] ==> dir [/lib]
    arg [-L/usr/lib] ==> dir [/usr/lib]
    arg [CMakeFiles/cmTC_ceebf.dir/CMakeCXXCompilerABI.cpp.o] ==> ignore
    arg [-lstdc++] ==> lib [stdc++]
    arg [-lm] ==> lib [m]
    arg [-lgcc_s] ==> lib [gcc_s]
    arg [-lgcc] ==> lib [gcc]
    arg [-lc] ==> lib [c]
    arg [-lgcc_s] ==> lib [gcc_s]
    arg [-lgcc] ==> lib [gcc]
    arg [/usr/bin/../lib/gcc/x86_64-linux-gnu/9/crtend.o] ==> obj [/usr/bin/../lib/gcc/x86_64-linux-gnu/9/crtend.o]
    arg [/usr/bin/../lib/gcc/x86_64-linux-gnu/9/../../../x86_64-linux-gnu/crtn.o] ==> obj [/usr/bin/../lib/gcc/x86_64-linux-gnu/9/../../../x86_64-linux-gnu/crtn.o]
  collapse obj [/usr/bin/../lib/gcc/x86_64-linux-gnu/9/../../../x86_64-linux-gnu/crt1.o] ==> [/usr/lib/x86_64-linux-gnu/crt1.o]
  collapse obj [/usr/bin/../lib/gcc/x86_64-linux-gnu/9/../../../x86_64-linux-gnu/crti.o] ==> [/usr/lib/x86_64-linux-gnu/crti.o]
  collapse obj [/usr/bin/../lib/gcc/x86_64-linux-gnu/9/crtbegin.o] ==> [/usr/lib/gcc/x86_64-linux-gnu/9/crtbegin.o]
  collapse obj [/usr/bin/../lib/gcc/x86_64-linux-gnu/9/crtend.o] ==> [/usr/lib/gcc/x86_64-linux-gnu/9/crtend.o]
  collapse obj [/usr/bin/../lib/gcc/x86_64-linux-gnu/9/../../../x86_64-linux-gnu/crtn.o] ==> [/usr/lib/x86_64-linux-gnu/crtn.o]
  collapse library dir [/usr/bin/../lib/gcc/x86_64-linux-gnu/9] ==> [/usr/lib/gcc/x86_64-linux-gnu/9]
  collapse library dir [/usr/bin/../lib/gcc/x86_64-linux-gnu/9/../../../x86_64-linux-gnu] ==> [/usr/lib/x86_64-linux-gnu]
  collapse library dir [/usr/bin/../lib/gcc/x86_64-linux-gnu/9/../../../../lib64] ==> [/usr/lib64]
  collapse library dir [/lib/x86_64-linux-gnu] ==> [/lib/x86_64-linux-gnu]
  collapse library dir [/lib/../lib64] ==> [/lib64]
  collapse library dir [/usr/lib/x86_64-linux-gnu] ==> [/usr/lib/x86_64-linux-gnu]
  collapse library dir [/usr/lib/../lib64] ==> [/usr/lib64]
  collapse library dir [/usr/lib/x86_64-linux-gnu/../../lib64] ==> [/usr/lib64]
  collapse library dir [/usr/bin/../lib/gcc/x86_64-linux-gnu/9/../../..] ==> [/usr/lib]
  collapse library dir [/usr/lib/llvm-10/bin/../lib] ==> [/usr/lib/llvm-10/lib]
  collapse library dir [/lib] ==> [/lib]
  collapse library dir [/usr/lib] ==> [/usr/lib]
  implicit libs: [stdc++;m;gcc_s;gcc;c;gcc_s;gcc]
  implicit objs: [/usr/lib/x86_64-linux-gnu/crt1.o;/usr/lib/x86_64-linux-gnu/crti.o;/usr/lib/gcc/x86_64-linux-gnu/9/crtbegin.o;/usr/lib/gcc/x86_64-linux-gnu/9/crtend.o;/usr/lib/x86_64-linux-gnu/crtn.o]
  implicit dirs: [/usr/lib/gcc/x86_64-linux-gnu/9;/usr/lib/x86_64-linux-gnu;/usr/lib64;/lib/x86_64-linux-gnu;/lib64;/usr/lib;/usr/lib/llvm-10/lib;/lib]
  implicit fwks: []


Determining if the include file pthread.h exists passed with the following output:
Change Dir: /home/valentin/Bureau/GitHub/CleanCode/build/CMakeFiles/CMakeTmp

Run Build Command(s):/usr/bin/make -f Makefile cmTC_b8fbe/fast && /usr/bin/make  -f CMakeFiles/cmTC_b8fbe.dir/build.make CMakeFiles/cmTC_b8fbe.dir/build
make[1] : on entre dans le répertoire « /home/valentin/Bureau/GitHub/CleanCode/build/CMakeFiles/CMakeTmp »
Building C object CMakeFiles/cmTC_b8fbe.dir/CheckIncludeFile.c.o
/usr/bin/clang-10    -MD -MT CMakeFiles/cmTC_b8fbe.dir/CheckIncludeFile.c.o -MF CMakeFiles/cmTC_b8fbe.dir/CheckIncludeFile.c.o.d -o CMakeFiles/cmTC_b8fbe.dir/CheckIncludeFile.c.o -c /home/valentin/Bureau/GitHub/CleanCode/build/CMakeFiles/CMakeTmp/CheckIncludeFile.c
Linking C executable cmTC_b8fbe
/opt/cmake-3.23.1-linux-x86_64/bin/cmake -E cmake_link_script CMakeFiles/cmTC_b8fbe.dir/link.txt --verbose=1
/usr/bin/clang-10 CMakeFiles/cmTC_b8fbe.dir/CheckIncludeFile.c.o -o cmTC_b8fbe 
make[1] : on quitte le répertoire « /home/valentin/Bureau/GitHub/CleanCode/build/CMakeFiles/CMakeTmp »



Determining if the function pthread_create exists in the pthread passed with the following output:
Change Dir: /home/valentin/Bureau/GitHub/CleanCode/build/CMakeFiles/CMakeTmp

Run Build Command(s):/usr/bin/make -f Makefile cmTC_42b8b/fast && /usr/bin/make  -f CMakeFiles/cmTC_42b8b.dir/build.make CMakeFiles/cmTC_42b8b.dir/build
make[1] : on entre dans le répertoire « /home/valentin/Bureau/GitHub/CleanCode/build/CMakeFiles/CMakeTmp »
Building C object CMakeFiles/cmTC_42b8b.dir/CheckFunctionExists.c.o
/usr/bin/clang-10   -DCHECK_FUNCTION_EXISTS=pthread_create -MD -MT CMakeFiles/cmTC_42b8b.dir/CheckFunctionExists.c.o -MF CMakeFiles/cmTC_42b8b.dir/CheckFunctionExists.c.o.d -o CMakeFiles/cmTC_42b8b.dir/CheckFunctionExists.c.o -c /opt/cmake-3.23.1-linux-x86_64/share/cmake-3.23/Modules/CheckFunctionExists.c
Linking C executable cmTC_42b8b
/opt/cmake-3.23.1-linux-x86_64/bin/cmake -E cmake_link_script CMakeFiles/cmTC_42b8b.dir/link.txt --verbose=1
/usr/bin/clang-10  -DCHECK_FUNCTION_EXISTS=pthread_create CMakeFiles/cmTC_42b8b.dir/CheckFunctionExists.c.o -o cmTC_42b8b  -lpthread 
make[1] : on quitte le répertoire « /home/valentin/Bureau/GitHub/CleanCode/build/CMakeFiles/CMakeTmp »



Determining if the function XOpenDisplay exists in the /usr/lib/x86_64-linux-gnu/libX11.so;/usr/lib/x86_64-linux-gnu/libXext.so passed with the following output:
Change Dir: /home/valentin/Bureau/GitHub/CleanCode/build/CMakeFiles/CMakeTmp

Run Build Command(s):/usr/bin/make -f Makefile cmTC_e885b/fast && /usr/bin/make  -f CMakeFiles/cmTC_e885b.dir/build.make CMakeFiles/cmTC_e885b.dir/build
make[1] : on entre dans le répertoire « /home/valentin/Bureau/GitHub/CleanCode/build/CMakeFiles/CMakeTmp »
Building C object CMakeFiles/cmTC_e885b.dir/CheckFunctionExists.c.o
/usr/bin/clang-10   -DCHECK_FUNCTION_EXISTS=XOpenDisplay -MD -MT CMakeFiles/cmTC_e885b.dir/CheckFunctionExists.c.o -MF CMakeFiles/cmTC_e885b.dir/CheckFunctionExists.c.o.d -o CMakeFiles/cmTC_e885b.dir/CheckFunctionExists.c.o -c /opt/cmake-3.23.1-linux-x86_64/share/cmake-3.23/Modules/CheckFunctionExists.c
Linking C executable cmTC_e885b
/opt/cmake-3.23.1-linux-x86_64/bin/cmake -E cmake_link_script CMakeFiles/cmTC_e885b.dir/link.txt --verbose=1
/usr/bin/clang-10  -DCHECK_FUNCTION_EXISTS=XOpenDisplay CMakeFiles/cmTC_e885b.dir/CheckFunctionExists.c.o -o cmTC_e885b  /usr/lib/x86_64-linux-gnu/libX11.so /usr/lib/x86_64-linux-gnu/libXext.so 
make[1] : on quitte le répertoire « /home/valentin/Bureau/GitHub/CleanCode/build/CMakeFiles/CMakeTmp »



Determining if the function gethostbyname exists passed with the following output:
Change Dir: /home/valentin/Bureau/GitHub/CleanCode/build/CMakeFiles/CMakeTmp

Run Build Command(s):/usr/bin/make -f Makefile cmTC_2079f/fast && /usr/bin/make  -f CMakeFiles/cmTC_2079f.dir/build.make CMakeFiles/cmTC_2079f.dir/build
make[1] : on entre dans le répertoire « /home/valentin/Bureau/GitHub/CleanCode/build/CMakeFiles/CMakeTmp »
Building C object CMakeFiles/cmTC_2079f.dir/CheckFunctionExists.c.o
/usr/bin/clang-10   -DCHECK_FUNCTION_EXISTS=gethostbyname -MD -MT CMakeFiles/cmTC_2079f.dir/CheckFunctionExists.c.o -MF CMakeFiles/cmTC_2079f.dir/CheckFunctionExists.c.o.d -o CMakeFiles/cmTC_2079f.dir/CheckFunctionExists.c.o -c /opt/cmake-3.23.1-linux-x86_64/share/cmake-3.23/Modules/CheckFunctionExists.c
Linking C executable cmTC_2079f
/opt/cmake-3.23.1-linux-x86_64/bin/cmake -E cmake_link_script CMakeFiles/cmTC_2079f.dir/link.txt --verbose=1
/usr/bin/clang-10  -DCHECK_FUNCTION_EXISTS=gethostbyname CMakeFiles/cmTC_2079f.dir/CheckFunctionExists.c.o -o cmTC_2079f 
make[1] : on quitte le répertoire « /home/valentin/Bureau/GitHub/CleanCode/build/CMakeFiles/CMakeTmp »



Determining if the function connect exists passed with the following output:
Change Dir: /home/valentin/Bureau/GitHub/CleanCode/build/CMakeFiles/CMakeTmp

Run Build Command(s):/usr/bin/make -f Makefile cmTC_72652/fast && /usr/bin/make  -f CMakeFiles/cmTC_72652.dir/build.make CMakeFiles/cmTC_72652.dir/build
make[1] : on entre dans le répertoire « /home/valentin/Bureau/GitHub/CleanCode/build/CMakeFiles/CMakeTmp »
Building C object CMakeFiles/cmTC_72652.dir/CheckFunctionExists.c.o
/usr/bin/clang-10   -DCHECK_FUNCTION_EXISTS=connect -MD -MT CMakeFiles/cmTC_72652.dir/CheckFunctionExists.c.o -MF CMakeFiles/cmTC_72652.dir/CheckFunctionExists.c.o.d -o CMakeFiles/cmTC_72652.dir/CheckFunctionExists.c.o -c /opt/cmake-3.23.1-linux-x86_64/share/cmake-3.23/Modules/CheckFunctionExists.c
Linking C executable cmTC_72652
/opt/cmake-3.23.1-linux-x86_64/bin/cmake -E cmake_link_script CMakeFiles/cmTC_72652.dir/link.txt --verbose=1
/usr/bin/clang-10  -DCHECK_FUNCTION_EXISTS=connect CMakeFiles/cmTC_72652.dir/CheckFunctionExists.c.o -o cmTC_72652 
make[1] : on quitte le répertoire « /home/valentin/Bureau/GitHub/CleanCode/build/CMakeFiles/CMakeTmp »



Determining if the function remove exists passed with the following output:
Change Dir: /home/valentin/Bureau/GitHub/CleanCode/build/CMakeFiles/CMakeTmp

Run Build Command(s):/usr/bin/make -f Makefile cmTC_2f053/fast && /usr/bin/make  -f CMakeFiles/cmTC_2f053.dir/build.make CMakeFiles/cmTC_2f053.dir/build
make[1] : on entre dans le répertoire « /home/valentin/Bureau/GitHub/CleanCode/build/CMakeFiles/CMakeTmp »
Building C object CMakeFiles/cmTC_2f053.dir/CheckFunctionExists.c.o
/usr/bin/clang-10   -DCHECK_FUNCTION_EXISTS=remove -MD -MT CMakeFiles/cmTC_2f053.dir/CheckFunctionExists.c.o -MF CMakeFiles/cmTC_2f053.dir/CheckFunctionExists.c.o.d -o CMakeFiles/cmTC_2f053.dir/CheckFunctionExists.c.o -c /opt/cmake-3.23.1-linux-x86_64/share/cmake-3.23/Modules/CheckFunctionExists.c
Linking C executable cmTC_2f053
/opt/cmake-3.23.1-linux-x86_64/bin/cmake -E cmake_link_script CMakeFiles/cmTC_2f053.dir/link.txt --verbose=1
/usr/bin/clang-10  -DCHECK_FUNCTION_EXISTS=remove CMakeFiles/cmTC_2f053.dir/CheckFunctionExists.c.o -o cmTC_2f053 
make[1] : on quitte le répertoire « /home/valentin/Bureau/GitHub/CleanCode/build/CMakeFiles/CMakeTmp »



Determining if the function shmat exists passed with the following output:
Change Dir: /home/valentin/Bureau/GitHub/CleanCode/build/CMakeFiles/CMakeTmp

Run Build Command(s):/usr/bin/make -f Makefile cmTC_4f0d1/fast && /usr/bin/make  -f CMakeFiles/cmTC_4f0d1.dir/build.make CMakeFiles/cmTC_4f0d1.dir/build
make[1] : on entre dans le répertoire « /home/valentin/Bureau/GitHub/CleanCode/build/CMakeFiles/CMakeTmp »
Building C object CMakeFiles/cmTC_4f0d1.dir/CheckFunctionExists.c.o
/usr/bin/clang-10   -DCHECK_FUNCTION_EXISTS=shmat -MD -MT CMakeFiles/cmTC_4f0d1.dir/CheckFunctionExists.c.o -MF CMakeFiles/cmTC_4f0d1.dir/CheckFunctionExists.c.o.d -o CMakeFiles/cmTC_4f0d1.dir/CheckFunctionExists.c.o -c /opt/cmake-3.23.1-linux-x86_64/share/cmake-3.23/Modules/CheckFunctionExists.c
Linking C executable cmTC_4f0d1
/opt/cmake-3.23.1-linux-x86_64/bin/cmake -E cmake_link_script CMakeFiles/cmTC_4f0d1.dir/link.txt --verbose=1
/usr/bin/clang-10  -DCHECK_FUNCTION_EXISTS=shmat CMakeFiles/cmTC_4f0d1.dir/CheckFunctionExists.c.o -o cmTC_4f0d1 
make[1] : on quitte le répertoire « /home/valentin/Bureau/GitHub/CleanCode/build/CMakeFiles/CMakeTmp »



Determining if the function IceConnectionNumber exists in the ICE passed with the following output:
Change Dir: /home/valentin/Bureau/GitHub/CleanCode/build/CMakeFiles/CMakeTmp

Run Build Command(s):/usr/bin/make -f Makefile cmTC_12924/fast && /usr/bin/make  -f CMakeFiles/cmTC_12924.dir/build.make CMakeFiles/cmTC_12924.dir/build
make[1] : on entre dans le répertoire « /home/valentin/Bureau/GitHub/CleanCode/build/CMakeFiles/CMakeTmp »
Building C object CMakeFiles/cmTC_12924.dir/CheckFunctionExists.c.o
/usr/bin/clang-10   -DCHECK_FUNCTION_EXISTS=IceConnectionNumber -MD -MT CMakeFiles/cmTC_12924.dir/CheckFunctionExists.c.o -MF CMakeFiles/cmTC_12924.dir/CheckFunctionExists.c.o.d -o CMakeFiles/cmTC_12924.dir/CheckFunctionExists.c.o -c /opt/cmake-3.23.1-linux-x86_64/share/cmake-3.23/Modules/CheckFunctionExists.c
Linking C executable cmTC_12924
/opt/cmake-3.23.1-linux-x86_64/bin/cmake -E cmake_link_script CMakeFiles/cmTC_12924.dir/link.txt --verbose=1
/usr/bin/clang-10  -DCHECK_FUNCTION_EXISTS=IceConnectionNumber CMakeFiles/cmTC_12924.dir/CheckFunctionExists.c.o -o cmTC_12924  -lICE 
make[1] : on quitte le répertoire « /home/valentin/Bureau/GitHub/CleanCode/build/CMakeFiles/CMakeTmp »



